c:\users\coco\desktop\megamerge_final\megagraph\megagraph\x64\debug\megagraph.pch
c:\users\coco\desktop\megamerge_final\megagraph\megagraph\x64\debug\vc140.pdb
c:\users\coco\desktop\megamerge_final\megagraph\megagraph\x64\debug\vc140.idb
c:\users\coco\desktop\megamerge_final\megagraph\megagraph\x64\debug\stdafx.obj
c:\users\coco\desktop\megamerge_final\megagraph\megagraph\x64\debug\childview.obj
c:\users\coco\desktop\megamerge_final\megagraph\megagraph\x64\debug\edgeinpaper.obj
c:\users\coco\desktop\megamerge_final\megagraph\megagraph\x64\debug\graphinpaper.obj
c:\users\coco\desktop\megamerge_final\megagraph\megagraph\x64\debug\mainfrm.obj
c:\users\coco\desktop\megamerge_final\megagraph\megagraph\x64\debug\megagraph.obj
c:\users\coco\desktop\megamerge_final\megagraph\megagraph\x64\debug\meganode.obj
c:\users\coco\desktop\megamerge_final\megagraph\megagraph\x64\debug\nodeinpaper.obj
c:\users\coco\desktop\megamerge_final\megagraph\megagraph\x64\debug\noderelation.obj
c:\users\coco\desktop\megamerge_final\megagraph\megagraph\x64\debug\nodetable.obj
c:\users\coco\desktop\megamerge_final\megagraph\megagraph\x64\debug\originaldata.obj
c:\users\coco\desktop\megamerge_final\megagraph\megagraph\x64\debug\testdatacreater.obj
c:\users\coco\desktop\megamerge_final\megagraph\x64\debug\megagraph.ilk
c:\users\coco\desktop\megamerge_final\megagraph\x64\debug\megagraph.exe
c:\users\coco\desktop\megamerge_final\megagraph\x64\debug\megagraph.pdb
c:\users\coco\desktop\megamerge_final\megagraph\megagraph\x64\debug\megagraph.res
c:\users\coco\desktop\megamerge_final\megagraph\megagraph\x64\debug\megagraph.tlog\cl.command.1.tlog
c:\users\coco\desktop\megamerge_final\megagraph\megagraph\x64\debug\megagraph.tlog\cl.read.1.tlog
c:\users\coco\desktop\megamerge_final\megagraph\megagraph\x64\debug\megagraph.tlog\cl.write.1.tlog
c:\users\coco\desktop\megamerge_final\megagraph\megagraph\x64\debug\megagraph.tlog\link.command.1.tlog
c:\users\coco\desktop\megamerge_final\megagraph\megagraph\x64\debug\megagraph.tlog\link.read.1.tlog
c:\users\coco\desktop\megamerge_final\megagraph\megagraph\x64\debug\megagraph.tlog\link.write.1.tlog
c:\users\coco\desktop\megamerge_final\megagraph\megagraph\x64\debug\megagraph.tlog\rc.command.1.tlog
c:\users\coco\desktop\megamerge_final\megagraph\megagraph\x64\debug\megagraph.tlog\rc.read.1.tlog
c:\users\coco\desktop\megamerge_final\megagraph\megagraph\x64\debug\megagraph.tlog\rc.write.1.tlog
